09:11:52: Creating resource group General
09:11:52: Creating resource group Internal
09:11:52: Creating resource group Autodetect
09:11:52: Registering ResourceManager for type Mesh
09:11:52: Registering ResourceManager for type Material
09:11:52: Registering ResourceManager for type Skeleton
09:11:52: XMLMeshSerializer reading mesh data from HiltBlack.mesh.xml...
09:11:52: Reading geometry...
09:11:53: Geometry done...
09:11:53: Reading submeshes...
09:11:53: Submeshes done.
09:11:53: Reading mesh names...
09:11:53: Mesh names done.
09:11:53: XMLMeshSerializer import successful.
09:11:53: Reorganising vertex buffers to automatic layout..
09:11:53: MeshSerializer writing mesh data to stream ...
09:11:53: File header written.
09:11:53: Writing mesh data...
09:11:53: Writing submesh...
09:11:53: Exporting submesh texture aliases...
09:11:53: Submesh texture aliases exported.
09:11:53: Submesh exported.
09:11:53: Writing submesh...
09:11:53: Exporting submesh texture aliases...
09:11:53: Submesh texture aliases exported.
09:11:53: Submesh exported.
09:11:53: Writing submesh...
09:11:53: Exporting submesh texture aliases...
09:11:53: Submesh texture aliases exported.
09:11:53: Submesh exported.
09:11:53: Exporting bounds information....
09:11:53: Bounds information exported.
09:11:53: Exporting submesh name table...
09:11:53: Submesh name table exported.
09:11:53: Exporting edge lists...
09:11:53: Edge lists exported
09:11:53: Mesh data exported.
09:11:53: MeshSerializer export successful.
09:11:53: Unregistering ResourceManager for type Skeleton
09:11:53: Unregistering ResourceManager for type Material
09:11:53: Unregistering ResourceManager for type Mesh
