09:12:07: Creating resource group General
09:12:07: Creating resource group Internal
09:12:07: Creating resource group Autodetect
09:12:07: Registering ResourceManager for type Material
09:12:07: Registering ResourceManager for type Skeleton
09:12:07: Registering ResourceManager for type Mesh
09:12:07: MeshSerializer writing mesh data to stream ...
09:12:07: File header written.
09:12:07: Writing mesh data...
09:12:07: Writing submesh...
09:12:07: Exporting submesh texture aliases...
09:12:07: Submesh texture aliases exported.
09:12:07: Submesh exported.
09:12:07: Writing submesh...
09:12:07: Exporting submesh texture aliases...
09:12:07: Submesh texture aliases exported.
09:12:07: Submesh exported.
09:12:07: Writing submesh...
09:12:07: Exporting submesh texture aliases...
09:12:07: Submesh texture aliases exported.
09:12:07: Submesh exported.
09:12:07: Exporting bounds information....
09:12:07: Bounds information exported.
09:12:07: Exporting submesh name table...
09:12:07: Submesh name table exported.
09:12:07: Exporting edge lists...
09:12:07: Edge lists exported
09:12:07: Mesh data exported.
09:12:07: MeshSerializer export successful.
09:12:07: Unregistering ResourceManager for type Mesh
09:12:07: Unregistering ResourceManager for type Skeleton
09:12:07: Unregistering ResourceManager for type Material
