21:35:32: Creating resource group General
21:35:32: Creating resource group Internal
21:35:32: Creating resource group Autodetect
21:35:32: SceneManagerFactory for type 'DefaultSceneManager' registered.
21:35:32: Registering ResourceManager for type Material
21:35:32: Registering ResourceManager for type Mesh
21:35:32: Registering ResourceManager for type Skeleton
21:35:32: MovableObjectFactory for type 'ParticleSystem' registered.
21:35:32: OverlayElementFactory for type Panel registered.
21:35:32: OverlayElementFactory for type BorderPanel registered.
21:35:32: OverlayElementFactory for type TextArea registered.
21:35:32: Registering ResourceManager for type Font
21:35:32: ArchiveFactory for archive type FileSystem registered.
21:35:32: ArchiveFactory for archive type Zip registered.
21:35:32: ArchiveFactory for archive type EmbeddedZip registered.
21:35:32: DDS codec registering
21:35:32: FreeImage version: 3.15.3
21:35:32: This program uses FreeImage, a free, open source image library supporting all common bitmap formats. See http://freeimage.sourceforge.net for details
21:35:32: Supported formats: bmp,ico,jpg,jif,jpeg,jpe,jng,koa,iff,lbm,mng,pbm,pbm,pcd,pcx,pgm,pgm,png,ppm,ppm,ras,tga,targa,tif,tiff,wap,wbmp,wbm,psd,cut,xbm,xpm,gif,hdr,g3,sgi,exr,j2k,j2c,jp2,pfm,pct,pict,pic
21:35:32: Registering ResourceManager for type HighLevelGpuProgram
21:35:32: Registering ResourceManager for type Compositor
21:35:32: MovableObjectFactory for type 'Entity' registered.
21:35:32: MovableObjectFactory for type 'Light' registered.
21:35:32: MovableObjectFactory for type 'BillboardSet' registered.
21:35:32: MovableObjectFactory for type 'ManualObject' registered.
21:35:32: MovableObjectFactory for type 'BillboardChain' registered.
21:35:32: MovableObjectFactory for type 'RibbonTrail' registered.
21:35:32: *-*-* OGRE Initialising
21:35:32: *-*-* Version 1.8.1 (Byatis)
21:35:32: Loading library RenderSystem_GL
21:35:32: Installing plugin: GL RenderSystem
21:35:32: OpenGL Rendering Subsystem created.
21:35:32: Plugin successfully installed
21:35:32: CPU Identifier & Features
21:35:32: -------------------------
21:35:32:  *   CPU ID: GenuineIntel: Intel(R) Core(TM) i5-2430M CPU @ 2.40GHz
21:35:32:  *      SSE: yes
21:35:32:  *     SSE2: yes
21:35:32:  *     SSE3: yes
21:35:32:  *      MMX: yes
21:35:32:  *   MMXEXT: yes
21:35:32:  *    3DNOW: no
21:35:32:  * 3DNOWEXT: no
21:35:32:  *     CMOV: yes
21:35:32:  *      TSC: yes
21:35:32:  *      FPU: yes
21:35:32:  *      PRO: yes
21:35:32:  *       HT: no
21:35:32: -------------------------
21:35:32: *** Starting Win32GL Subsystem ***
21:35:32: Registering ResourceManager for type Texture
21:35:32: GLRenderSystem::_createRenderWindow "Anakin's Dark Side", 800x600 windowed  miscParams: FSAA=0 FSAAHint= colourDepth=32 displayFrequency=0 gamma=false vsync=false vsyncInterval=1 
21:35:32: Created Win32Window 'Anakin's Dark Side' : 816x638, 32bpp
21:35:32: GL_VERSION = 3.1.0 - Build 9.17.10.3347
21:35:32: GL_VENDOR = Intel
21:35:32: GL_RENDERER = Intel(R) HD Graphics 3000
21:35:32: GL_EXTENSIONS = GL_EXT_blend_minmax GL_EXT_blend_subtract GL_EXT_blend_color GL_EXT_abgr GL_EXT_texture3D GL_EXT_clip_volume_hint GL_EXT_compiled_vertex_array GL_SGIS_texture_edge_clamp GL_SGIS_generate_mipmap GL_EXT_draw_range_elements GL_SGIS_texture_lod GL_EXT_rescale_normal GL_EXT_packed_pixels GL_EXT_texture_edge_clamp GL_EXT_separate_specular_color GL_ARB_multitexture GL_EXT_texture_env_combine GL_EXT_bgra GL_EXT_blend_func_separate GL_EXT_secondary_color GL_EXT_fog_coord GL_EXT_texture_env_add GL_ARB_texture_cube_map GL_ARB_transpose_matrix GL_ARB_texture_env_add GL_IBM_texture_mirrored_repeat GL_EXT_multi_draw_arrays GL_NV_blend_square GL_ARB_texture_compression GL_3DFX_texture_compression_FXT1 GL_EXT_texture_filter_anisotropic GL_ARB_texture_border_clamp GL_ARB_point_parameters GL_ARB_texture_env_combine GL_ARB_texture_env_dot3 GL_ARB_texture_env_crossbar GL_EXT_texture_compression_s3tc GL_ARB_shadow GL_ARB_window_pos GL_EXT_shadow_funcs GL_EXT_stencil_wrap GL_ARB_vertex_program GL_EXT_texture_rectangle GL_ARB_fragment_program GL_EXT_stencil_two_side GL_ATI_separate_stencil GL_ARB_vertex_buffer_object GL_EXT_texture_lod_bias GL_ARB_occlusion_query GL_ARB_fragment_shader GL_ARB_shader_objects GL_ARB_shading_language_100 GL_ARB_texture_non_power_of_two GL_ARB_vertex_shader GL_NV_texgen_reflection GL_ARB_point_sprite GL_ARB_fragment_program_shadow GL_EXT_blend_equation_separate GL_ARB_depth_texture GL_ARB_texture_rectangle GL_ARB_draw_buffers GL_ARB_color_buffer_float GL_ARB_half_float_pixel GL_ARB_texture_float GL_ARB_pixel_buffer_object GL_EXT_framebuffer_object GL_ARB_draw_instanced GL_ARB_half_float_vertex GL_ARB_occlusion_query2 GL_EXT_draw_buffers2 GL_WIN_swap_hint GL_EXT_texture_sRGB GL_ARB_multisample GL_EXT_packed_float GL_EXT_texture_shared_exponent GL_ARB_texture_rg GL_ARB_texture_compression_rgtc GL_NV_conditional_render GL_EXT_texture_swizzle GL_ARB_sync GL_ARB_framebuffer_sRGB GL_EXT_packed_depth_stencil GL_ARB_depth_buffer_float GL_EXT_transform_feedback GL_EXT_framebuffer_blit GL_EXT_framebuffer_multisample GL_ARB_framebuffer_object GL_EXT_texture_array GL_EXT_texture_integer GL_ARB_map_buffer_range GL_EXT_texture_snorm GL_INTEL_performance_queries GL_ARB_copy_buffer GL_ARB_sampler_objects GL_NV_primitive_restart GL_ARB_seamless_cube_map GL_ARB_uniform_buffer_object GL_ARB_depth_clamp GL_ARB_vertex_array_bgra GL_ARB_shader_bit_encoding GL_ARB_draw_buffers_blend GL_ARB_texture_query_lod GL_ARB_explicit_attrib_location GL_ARB_draw_elements_base_vertex GL_ARB_instanced_arrays GL_ARB_fragment_coord_conventions GL_EXT_gpu_program_parameters GL_ARB_texture_buffer_object_rgb32 GL_ARB_compatibility GL_ARB_texture_rgb10_a2ui GL_ARB_vertex_type_2_10_10_10_rev GL_ARB_timer_query GL_INTEL_map_texture GL_ARB_vertex_array_object GL_ARB_provoking_vertex 
21:35:32: Supported WGL extensions: WGL_EXT_depth_float WGL_ARB_buffer_region WGL_ARB_extensions_string WGL_ARB_make_current_read WGL_ARB_pixel_format WGL_ARB_pbuffer WGL_EXT_extensions_string WGL_EXT_swap_control WGL_EXT_swap_control_tear WGL_ARB_multisample WGL_ARB_pixel_format_float WGL_ARB_framebuffer_sRGB WGL_ARB_create_context WGL_EXT_pixel_format_packed_float 
21:35:32: ***************************
21:35:32: *** GL Renderer Started ***
21:35:32: ***************************
21:35:32: Registering ResourceManager for type GpuProgram
21:35:32: GLSL support detected
21:35:32: GL: Using GL_EXT_framebuffer_object for rendering to textures (best)
21:35:32: FBO PF_UNKNOWN depth/stencil support: D0S1 D0S4 D0S8 D0S16 D16S0 D24S0 D32S0 Packed-D24S8 
21:35:33: FBO PF_A8 depth/stencil support: D0S0 D0S1 D0S4 D0S8 D0S16 D16S0 D24S0 D32S0 Packed-D24S8 
21:35:33: FBO PF_R5G6B5 depth/stencil support: D0S0 D0S1 D0S4 D0S8 D0S16 D16S0 D24S0 D32S0 Packed-D24S8 
21:35:33: FBO PF_B5G6R5 depth/stencil support: D0S0 D0S1 D0S4 D0S8 D0S16 D16S0 D24S0 D32S0 Packed-D24S8 
21:35:33: FBO PF_R8G8B8 depth/stencil support: D0S0 D0S1 D0S4 D0S8 D0S16 D16S0 D24S0 D32S0 Packed-D24S8 
21:35:33: FBO PF_B8G8R8 depth/stencil support: D0S0 D0S1 D0S4 D0S8 D0S16 D16S0 D24S0 D32S0 Packed-D24S8 
21:35:33: FBO PF_A8R8G8B8 depth/stencil support: D0S0 D0S1 D0S4 D0S8 D0S16 D16S0 D24S0 D32S0 Packed-D24S8 
21:35:33: FBO PF_B8G8R8A8 depth/stencil support: D0S0 D0S1 D0S4 D0S8 D0S16 D16S0 D24S0 D32S0 Packed-D24S8 
21:35:33: FBO PF_A2R10G10B10 depth/stencil support: D0S0 D0S1 D0S4 D0S8 D0S16 D16S0 D24S0 D32S0 Packed-D24S8 
21:35:33: FBO PF_A2B10G10R10 depth/stencil support: D0S0 D0S1 D0S4 D0S8 D0S16 D16S0 D24S0 D32S0 Packed-D24S8 
21:35:33: FBO PF_FLOAT16_RGB depth/stencil support: D0S0 D0S1 D0S4 D0S8 D0S16 D16S0 D24S0 D32S0 Packed-D24S8 
21:35:33: FBO PF_FLOAT16_RGBA depth/stencil support: D0S0 D0S1 D0S4 D0S8 D0S16 D16S0 D24S0 D32S0 Packed-D24S8 
21:35:33: FBO PF_FLOAT32_RGB depth/stencil support: D0S0 D0S1 D0S4 D0S8 D0S16 D16S0 D24S0 D32S0 Packed-D24S8 
21:35:33: FBO PF_FLOAT32_RGBA depth/stencil support: D0S0 D0S1 D0S4 D0S8 D0S16 D16S0 D24S0 D32S0 Packed-D24S8 
21:35:33: FBO PF_X8R8G8B8 depth/stencil support: D0S0 D0S1 D0S4 D0S8 D0S16 D16S0 D24S0 D32S0 Packed-D24S8 
21:35:33: FBO PF_X8B8G8R8 depth/stencil support: D0S0 D0S1 D0S4 D0S8 D0S16 D16S0 D24S0 D32S0 Packed-D24S8 
21:35:33: FBO PF_SHORT_RGBA depth/stencil support: D0S0 D0S1 D0S4 D0S8 D0S16 D16S0 D24S0 D32S0 Packed-D24S8 
21:35:33: FBO PF_R3G3B2 depth/stencil support: D0S0 D0S1 D0S4 D0S8 D0S16 D16S0 D24S0 D32S0 Packed-D24S8 
21:35:33: FBO PF_SHORT_RGB depth/stencil support: D0S0 D0S1 D0S4 D0S8 D0S16 D16S0 D24S0 D32S0 Packed-D24S8 
21:35:33: [GL] : Valid FBO targets PF_UNKNOWN PF_A8 PF_R5G6B5 PF_B5G6R5 PF_R8G8B8 PF_B8G8R8 PF_A8R8G8B8 PF_B8G8R8A8 PF_A2R10G10B10 PF_A2B10G10R10 PF_FLOAT16_RGB PF_FLOAT16_RGBA PF_FLOAT32_RGB PF_FLOAT32_RGBA PF_X8R8G8B8 PF_X8B8G8R8 PF_SHORT_RGBA PF_R3G3B2 PF_SHORT_RGB 
21:35:33: RenderSystem capabilities
21:35:33: -------------------------
21:35:33: RenderSystem Name: OpenGL Rendering Subsystem
21:35:33: GPU Vendor: intel
21:35:33: Device Name: Intel(R) HD Graphics 3000
21:35:33: Driver Version: 3.1.0.0
21:35:33:  * Fixed function pipeline: yes
21:35:33:  * Hardware generation of mipmaps: no
21:35:33:  * Texture blending: yes
21:35:33:  * Anisotropic texture filtering: yes
21:35:33:  * Dot product texture operation: yes
21:35:33:  * Cube mapping: yes
21:35:33:  * Hardware stencil buffer: yes
21:35:33:    - Stencil depth: 8
21:35:33:    - Two sided stencil support: yes
21:35:33:    - Wrap stencil values: yes
21:35:33:  * Hardware vertex / index buffers: yes
21:35:33:  * Vertex programs: yes
21:35:33:  * Number of floating-point constants for vertex programs: 256
21:35:33:  * Number of integer constants for vertex programs: 0
21:35:33:  * Number of boolean constants for vertex programs: 0
21:35:33:  * Fragment programs: yes
21:35:33:  * Number of floating-point constants for fragment programs: 256
21:35:33:  * Number of integer constants for fragment programs: 0
21:35:33:  * Number of boolean constants for fragment programs: 0
21:35:33:  * Geometry programs: no
21:35:33:  * Number of floating-point constants for geometry programs: 71
21:35:33:  * Number of integer constants for geometry programs: 31932
21:35:33:  * Number of boolean constants for geometry programs: 71
21:35:33:  * Supported Shader Profiles: arbfp1 arbvp1 glsl
21:35:33:  * Texture Compression: yes
21:35:33:    - DXT: yes
21:35:33:    - VTC: no
21:35:33:    - PVRTC: no
21:35:33:  * Scissor Rectangle: yes
21:35:33:  * Hardware Occlusion Query: yes
21:35:33:  * User clip planes: yes
21:35:33:  * VET_UBYTE4 vertex element type: yes
21:35:33:  * Infinite far plane projection: yes
21:35:33:  * Hardware render-to-texture: yes
21:35:33:  * Floating point textures: yes
21:35:33:  * Non-power-of-two textures: yes
21:35:33:  * Volume textures: yes
21:35:33:  * Multiple Render Targets: 8
21:35:33:    - With different bit depths: yes
21:35:33:  * Point Sprites: yes
21:35:33:  * Extended point parameters: yes
21:35:33:  * Max Point Size: 255
21:35:33:  * Vertex texture fetch: yes
21:35:33:  * Number of world matrices: 0
21:35:33:  * Number of texture units: 16
21:35:33:  * Stencil buffer depth: 8
21:35:33:  * Number of vertex blend matrices: 0
21:35:33:    - Max vertex textures: 16
21:35:33:    - Vertex textures shared: yes
21:35:33:  * Render to Vertex Buffer : no
21:35:33:  * GL 1.5 without VBO workaround: no
21:35:33:  * Frame Buffer objects: yes
21:35:33:  * Frame Buffer objects (ARB extension): no
21:35:33:  * Frame Buffer objects (ATI extension): no
21:35:33:  * PBuffer support: yes
21:35:33:  * GL 1.5 without HW-occlusion workaround: no
21:35:33:  * Separate shader objects: no
21:35:33: DefaultWorkQueue('Root') initialising on thread 142c.
21:35:33: DefaultWorkQueue('Root')::WorkerFunc - thread 18b4 starting.
21:35:33: Particle Renderer Type 'billboard' registered
21:35:33: DefaultWorkQueue('Root')::WorkerFunc - thread 1518 starting.
21:35:33: DefaultWorkQueue('Root')::WorkerFunc - thread 134c starting.
21:35:33: DefaultWorkQueue('Root')::WorkerFunc - thread 16b0 starting.
21:35:33: Creating resource group 0
21:35:33: Added resource location './assets/models' of type 'FileSystem' to resource group '0'
21:35:33: Added resource location './assets/materials/scripts' of type 'FileSystem' to resource group '0'
21:35:33: Initialising resource group 0
21:35:33: Parsing scripts for resource group 0
21:35:33: Parsing script DarkGray.material
21:35:33: Parsing script Material.material
21:35:33: Parsing script Silver.material
21:35:33: Parsing script Black.material
21:35:33: Parsing script Red.material
21:35:33: Parsing script Silver.material
21:35:33: Finished parsing scripts for resource group 0
21:35:33: Creating resources for group 0
21:35:33: All done
21:35:33: Loading resource group '0' - Resources: 1 World Geometry: 1
21:35:33: Mesh: Loading Hilt.mesh.
21:35:33: Mesh: Loading HiltBlack.mesh.
21:35:33: Mesh: Loading Blade.mesh.
21:35:33: Finished loading resource group 0
21:35:48: Destroying resource group 0
21:35:48: Unloading resource group 0
21:35:48: Finished unloading resource group 0
21:35:48: DefaultWorkQueue('Root') shutting down on thread 142c.
21:35:48: DefaultWorkQueue('Root')::WorkerFunc - thread 1518 stopped.
21:35:48: DefaultWorkQueue('Root')::WorkerFunc - thread 18b4 stopped.
21:35:48: DefaultWorkQueue('Root')::WorkerFunc - thread 16b0 stopped.
21:35:48: DefaultWorkQueue('Root')::WorkerFunc - thread 134c stopped.
21:35:48: *-*-* OGRE Shutdown
21:35:48: Unregistering ResourceManager for type Compositor
21:35:48: Unregistering ResourceManager for type Font
21:35:48: Unregistering ResourceManager for type Skeleton
21:35:48: Unregistering ResourceManager for type Mesh
21:35:48: Unregistering ResourceManager for type HighLevelGpuProgram
21:35:48: Uninstalling plugin: GL RenderSystem
21:35:48: Unregistering ResourceManager for type GpuProgram
21:35:48: *** Stopping Win32GL Subsystem ***
21:35:48: Unregistering ResourceManager for type Texture
21:35:48: Plugin successfully uninstalled
21:35:48: Unloading library RenderSystem_GL
21:35:48: Unregistering ResourceManager for type Material
